# JRE version: OpenJDK Runtime Environment (8.0_152-b02) (build 1.8.0_152-release-1024-b02)
# Java VM: OpenJDK 64-Bit Server VM (25.152-b02 mixed mode windows-amd64 compressed oops)
Heap:
 PSYoungGen      total 296448K, used 249426K [0x00000000e0000000, 0x00000000f3f80000, 0x0000000100000000)
  eden space 276992K, 86% used [0x00000000e0000000,0x00000000ee97b198,0x00000000f0e80000)
  from space 19456K, 53% used [0x00000000f2c80000,0x00000000f36997a8,0x00000000f3f80000)
  to   space 25088K, 0% used [0x00000000f0e80000,0x00000000f0e80000,0x00000000f2700000)
 ParOldGen       total 160256K, used 43844K [0x00000000a0000000, 0x00000000a9c80000, 0x00000000e0000000)
  object space 160256K, 27% used [0x00000000a0000000,0x00000000a2ad1328,0x00000000a9c80000)
 Metaspace       used 81373K, capacity 85644K, committed 85888K, reserved 1124352K
  class space    used 10352K, capacity 11119K, committed 11136K, reserved 1048576K
GC Heap History (10 events):
Event: 1141.777 GC heap before
{Heap before GC invocations=19 (full 3):
 PSYoungGen      total 253952K, used 252965K [0x00000000e0000000, 0x00000000f1980000, 0x0000000100000000)
  eden space 232960K, 99% used [0x00000000e0000000,0x00000000ee2d5ba0,0x00000000ee380000)
  from space 20992K, 98% used [0x00000000eeb00000,0x00000000eff33a28,0x00000000eff80000)
  to   space 26624K, 0% used [0x00000000eff80000,0x00000000eff80000,0x00000000f1980000)
 ParOldGen       total 160256K, used 37252K [0x00000000a0000000, 0x00000000a9c80000, 0x00000000e0000000)
  object space 160256K, 23% used [0x00000000a0000000,0x00000000a2461120,0x00000000a9c80000)
 Metaspace       used 79471K, capacity 82764K, committed 83072K, reserved 1122304K
  class space    used 10192K, capacity 10831K, committed 10880K, reserved 1048576K
Event: 1141.809 GC heap after
Heap after GC invocations=19 (full 3):
 PSYoungGen      total 243200K, used 15841K [0x00000000e0000000, 0x00000000f1100000, 0x0000000100000000)
  eden space 225280K, 0% used [0x00000000e0000000,0x00000000e0000000,0x00000000edc00000)
  from space 17920K, 88% used [0x00000000eff80000,0x00000000f0ef8770,0x00000000f1100000)
  to   space 27136K, 0% used [0x00000000edc00000,0x00000000edc00000,0x00000000ef680000)
 ParOldGen       total 160256K, used 37260K [0x00000000a0000000, 0x00000000a9c80000, 0x00000000e0000000)
  object space 160256K, 23% used [0x00000000a0000000,0x00000000a2463120,0x00000000a9c80000)
 Metaspace       used 79471K, capacity 82764K, committed 83072K, reserved 1122304K
  class space    used 10192K, capacity 10831K, committed 10880K, reserved 1048576K
}
Event: 1239.064 GC heap before
{Heap before GC invocations=20 (full 3):
 PSYoungGen      total 243200K, used 240467K [0x00000000e0000000, 0x00000000f1100000, 0x0000000100000000)
  eden space 225280K, 99% used [0x00000000e0000000,0x00000000edb5c5e0,0x00000000edc00000)
  from space 17920K, 88% used [0x00000000eff80000,0x00000000f0ef8770,0x00000000f1100000)
  to   space 27136K, 0% used [0x00000000edc00000,0x00000000edc00000,0x00000000ef680000)
 ParOldGen       total 160256K, used 37260K [0x00000000a0000000, 0x00000000a9c80000, 0x00000000e0000000)
  object space 160256K, 23% used [0x00000000a0000000,0x00000000a2463120,0x00000000a9c80000)
 Metaspace       used 79930K, capacity 83568K, committed 83712K, reserved 1122304K
  class space    used 10235K, capacity 10909K, committed 11008K, reserved 1048576K
Event: 1239.088 GC heap after
Heap after GC invocations=20 (full 3):
 PSYoungGen      total 234496K, used 16218K [0x00000000e0000000, 0x00000000f0900000, 0x0000000100000000)
  eden space 218112K, 0% used [0x00000000e0000000,0x00000000e0000000,0x00000000ed500000)
  from space 16384K, 98% used [0x00000000edc00000,0x00000000eebd6940,0x00000000eec00000)
  to   space 26624K, 0% used [0x00000000eef00000,0x00000000eef00000,0x00000000f0900000)
 ParOldGen       total 160256K, used 37268K [0x00000000a0000000, 0x00000000a9c80000, 0x00000000e0000000)
  object space 160256K, 23% used [0x00000000a0000000,0x00000000a2465120,0x00000000a9c80000)
 Metaspace       used 79930K, capacity 83568K, committed 83712K, reserved 1122304K
  class space    used 10235K, capacity 10909K, committed 11008K, reserved 1048576K
}
Event: 1239.132 GC heap before
{Heap before GC invocations=21 (full 3):
 PSYoungGen      total 234496K, used 233347K [0x00000000e0000000, 0x00000000f0900000, 0x0000000100000000)
  eden space 218112K, 99% used [0x00000000e0000000,0x00000000ed40a6b8,0x00000000ed500000)
  from space 16384K, 98% used [0x00000000edc00000,0x00000000eebd6940,0x00000000eec00000)
  to   space 26624K, 0% used [0x00000000eef00000,0x00000000eef00000,0x00000000f0900000)
 ParOldGen       total 160256K, used 37268K [0x00000000a0000000, 0x00000000a9c80000, 0x00000000e0000000)
  object space 160256K, 23% used [0x00000000a0000000,0x00000000a2465120,0x00000000a9c80000)
 Metaspace       used 79930K, capacity 83568K, committed 83712K, reserved 1122304K
  class space    used 10235K, capacity 10909K, committed 11008K, reserved 1048576K
Event: 1239.150 GC heap after
Heap after GC invocations=21 (full 3):
 PSYoungGen      total 245248K, used 15601K [0x00000000e0000000, 0x00000000f4a80000, 0x0000000100000000)
  eden space 218624K, 0% used [0x00000000e0000000,0x00000000e0000000,0x00000000ed580000)
  from space 26624K, 58% used [0x00000000eef00000,0x00000000efe3c7a0,0x00000000f0900000)
  to   space 26112K, 0% used [0x00000000ed580000,0x00000000ed580000,0x00000000eef00000)
 ParOldGen       total 160256K, used 37276K [0x00000000a0000000, 0x00000000a9c80000, 0x00000000e0000000)
  object space 160256K, 23% used [0x00000000a0000000,0x00000000a2467120,0x00000000a9c80000)
 Metaspace       used 79930K, capacity 83568K, committed 83712K, reserved 1122304K
  class space    used 10235K, capacity 10909K, committed 11008K, reserved 1048576K
}
Event: 1822.774 GC heap before
{Heap before GC invocations=22 (full 3):
 PSYoungGen      total 245248K, used 234225K [0x00000000e0000000, 0x00000000f4a80000, 0x0000000100000000)
  eden space 218624K, 100% used [0x00000000e0000000,0x00000000ed580000,0x00000000ed580000)
  from space 26624K, 58% used [0x00000000eef00000,0x00000000efe3c7a0,0x00000000f0900000)
  to   space 26112K, 0% used [0x00000000ed580000,0x00000000ed580000,0x00000000eef00000)
 ParOldGen       total 160256K, used 37276K [0x00000000a0000000, 0x00000000a9c80000, 0x00000000e0000000)
  object space 160256K, 23% used [0x00000000a0000000,0x00000000a2467120,0x00000000a9c80000)
 Metaspace       used 80868K, capacity 84822K, committed 85120K, reserved 1124352K
  class space    used 10301K, capacity 11028K, committed 11136K, reserved 1048576K
Event: 1822.825 GC heap after
Heap after GC invocations=22 (full 3):
 PSYoungGen      total 244736K, used 16227K [0x00000000e0000000, 0x00000000f4580000, 0x0000000100000000)
  eden space 218624K, 0% used [0x00000000e0000000,0x00000000e0000000,0x00000000ed580000)
  from space 26112K, 62% used [0x00000000ed580000,0x00000000ee558f88,0x00000000eef00000)
  to   space 25600K, 0% used [0x00000000f2c80000,0x00000000f2c80000,0x00000000f4580000)
 ParOldGen       total 160256K, used 37284K [0x00000000a0000000, 0x00000000a9c80000, 0x00000000e0000000)
  object space 160256K, 23% used [0x00000000a0000000,0x00000000a2469120,0x00000000a9c80000)
 Metaspace       used 80868K, capacity 84822K, committed 85120K, reserved 1124352K
  class space    used 10301K, capacity 11028K, committed 11136K, reserved 1048576K
}
Event: 2013.260 GC heap before
{Heap before GC invocations=23 (full 3):
 PSYoungGen      total 244736K, used 234467K [0x00000000e0000000, 0x00000000f4580000, 0x0000000100000000)
  eden space 218624K, 99% used [0x00000000e0000000,0x00000000ed51ff60,0x00000000ed580000)
  from space 26112K, 62% used [0x00000000ed580000,0x00000000ee558f88,0x00000000eef00000)
  to   space 25600K, 0% used [0x00000000f2c80000,0x00000000f2c80000,0x00000000f4580000)
 ParOldGen       total 160256K, used 37284K [0x00000000a0000000, 0x00000000a9c80000, 0x00000000e0000000)
  object space 160256K, 23% used [0x00000000a0000000,0x00000000a2469120,0x00000000a9c80000)
 Metaspace       used 81330K, capacity 85644K, committed 85888K, reserved 1124352K
  class space    used 10352K, capacity 11119K, committed 11136K, reserved 1048576K
Event: 2013.293 GC heap after
Heap after GC invocations=23 (full 3):
 PSYoungGen      total 296448K, used 10341K [0x00000000e0000000, 0x00000000f3f80000, 0x0000000100000000)
  eden space 276992K, 0% used [0x00000000e0000000,0x00000000e0000000,0x00000000f0e80000)
  from space 19456K, 53% used [0x00000000f2c80000,0x00000000f36997a8,0x00000000f3f80000)
  to   space 25088K, 0% used [0x00000000f0e80000,0x00000000f0e80000,0x00000000f2700000)
 ParOldGen       total 160256K, used 43844K [0x00000000a0000000, 0x00000000a9c80000, 0x00000000e0000000)
  object space 160256K, 27% used [0x00000000a0000000,0x00000000a2ad1328,0x00000000a9c80000)
 Metaspace       used 81330K, capacity 85644K, committed 85888K, reserved 1124352K
  class space    used 10352K, capacity 11119K, committed 11136K, reserved 1048576K
}

