# JRE version: OpenJDK Runtime Environment (8.0_152-b02) (build 1.8.0_152-release-1024-b02)
# Java VM: OpenJDK 64-Bit Server VM (25.152-b02 mixed mode windows-amd64 compressed oops)
Heap:
 PSYoungGen      total 247808K, used 114954K [0x00000000e0000000, 0x00000000f4780000, 0x0000000100000000)
  eden space 226816K, 42% used [0x00000000e0000000,0x00000000e5d66a28,0x00000000edd80000)
  from space 20992K, 91% used [0x00000000edd80000,0x00000000ef05c008,0x00000000ef200000)
  to   space 23552K, 0% used [0x00000000f3080000,0x00000000f3080000,0x00000000f4780000)
 ParOldGen       total 141824K, used 35707K [0x00000000a0000000, 0x00000000a8a80000, 0x00000000e0000000)
  object space 141824K, 25% used [0x00000000a0000000,0x00000000a22defc8,0x00000000a8a80000)
 Metaspace       used 77843K, capacity 81096K, committed 81408K, reserved 1120256K
  class space    used 10059K, capacity 10693K, committed 10752K, reserved 1048576K
GC Heap History (10 events):
Event: 26.416 GC heap before
{Heap before GC invocations=18 (full 3):
 PSYoungGen      total 162304K, used 147137K [0x00000000e0000000, 0x00000000eb380000, 0x0000000100000000)
  eden space 145920K, 99% used [0x00000000e0000000,0x00000000e8e03e80,0x00000000e8e80000)
  from space 16384K, 10% used [0x00000000ea380000,0x00000000ea52c880,0x00000000eb380000)
  to   space 18944K, 0% used [0x00000000e8e80000,0x00000000e8e80000,0x00000000ea100000)
 ParOldGen       total 141824K, used 32287K [0x00000000a0000000, 0x00000000a8a80000, 0x00000000e0000000)
  object space 141824K, 22% used [0x00000000a0000000,0x00000000a1f87dc0,0x00000000a8a80000)
 Metaspace       used 57522K, capacity 59506K, committed 59776K, reserved 1101824K
  class space    used 7783K, capacity 8220K, committed 8320K, reserved 1048576K
Event: 26.419 GC heap after
Heap after GC invocations=18 (full 3):
 PSYoungGen      total 164864K, used 1025K [0x00000000e0000000, 0x00000000ee700000, 0x0000000100000000)
  eden space 145920K, 0% used [0x00000000e0000000,0x00000000e0000000,0x00000000e8e80000)
  from space 18944K, 5% used [0x00000000e8e80000,0x00000000e8f806e0,0x00000000ea100000)
  to   space 19456K, 0% used [0x00000000ed400000,0x00000000ed400000,0x00000000ee700000)
 ParOldGen       total 141824K, used 32295K [0x00000000a0000000, 0x00000000a8a80000, 0x00000000e0000000)
  object space 141824K, 22% used [0x00000000a0000000,0x00000000a1f89dc0,0x00000000a8a80000)
 Metaspace       used 57522K, capacity 59506K, committed 59776K, reserved 1101824K
  class space    used 7783K, capacity 8220K, committed 8320K, reserved 1048576K
}
Event: 269.315 GC heap before
{Heap before GC invocations=19 (full 3):
 PSYoungGen      total 164864K, used 146945K [0x00000000e0000000, 0x00000000ee700000, 0x0000000100000000)
  eden space 145920K, 100% used [0x00000000e0000000,0x00000000e8e80000,0x00000000e8e80000)
  from space 18944K, 5% used [0x00000000e8e80000,0x00000000e8f806e0,0x00000000ea100000)
  to   space 19456K, 0% used [0x00000000ed400000,0x00000000ed400000,0x00000000ee700000)
 ParOldGen       total 141824K, used 32295K [0x00000000a0000000, 0x00000000a8a80000, 0x00000000e0000000)
  object space 141824K, 22% used [0x00000000a0000000,0x00000000a1f89dc0,0x00000000a8a80000)
 Metaspace       used 61452K, capacity 63622K, committed 63744K, reserved 1103872K
  class space    used 8165K, capacity 8644K, committed 8704K, reserved 1048576K
Event: 269.342 GC heap after
Heap after GC invocations=19 (full 3):
 PSYoungGen      total 203776K, used 9959K [0x00000000e0000000, 0x00000000ee000000, 0x0000000100000000)
  eden space 191488K, 0% used [0x00000000e0000000,0x00000000e0000000,0x00000000ebb00000)
  from space 12288K, 81% used [0x00000000ed400000,0x00000000eddb9e88,0x00000000ee000000)
  to   space 18944K, 0% used [0x00000000ebb00000,0x00000000ebb00000,0x00000000ecd80000)
 ParOldGen       total 141824K, used 32303K [0x00000000a0000000, 0x00000000a8a80000, 0x00000000e0000000)
  object space 141824K, 22% used [0x00000000a0000000,0x00000000a1f8bdc0,0x00000000a8a80000)
 Metaspace       used 61452K, capacity 63622K, committed 63744K, reserved 1103872K
  class space    used 8165K, capacity 8644K, committed 8704K, reserved 1048576K
}
Event: 276.532 GC heap before
{Heap before GC invocations=20 (full 3):
 PSYoungGen      total 203776K, used 201120K [0x00000000e0000000, 0x00000000ee000000, 0x0000000100000000)
  eden space 191488K, 99% used [0x00000000e0000000,0x00000000ebaae420,0x00000000ebb00000)
  from space 12288K, 81% used [0x00000000ed400000,0x00000000eddb9e88,0x00000000ee000000)
  to   space 18944K, 0% used [0x00000000ebb00000,0x00000000ebb00000,0x00000000ecd80000)
 ParOldGen       total 141824K, used 32303K [0x00000000a0000000, 0x00000000a8a80000, 0x00000000e0000000)
  object space 141824K, 22% used [0x00000000a0000000,0x00000000a1f8bdc0,0x00000000a8a80000)
 Metaspace       used 67302K, capacity 69518K, committed 69760K, reserved 1110016K
  class space    used 8805K, capacity 9298K, committed 9344K, reserved 1048576K
Event: 276.565 GC heap after
Heap after GC invocations=20 (full 3):
 PSYoungGen      total 210432K, used 14969K [0x00000000e0000000, 0x00000000f0600000, 0x0000000100000000)
  eden space 191488K, 0% used [0x00000000e0000000,0x00000000e0000000,0x00000000ebb00000)
  from space 18944K, 79% used [0x00000000ebb00000,0x00000000ec99e728,0x00000000ecd80000)
  to   space 20480K, 0% used [0x00000000ef200000,0x00000000ef200000,0x00000000f0600000)
 ParOldGen       total 141824K, used 33152K [0x00000000a0000000, 0x00000000a8a80000, 0x00000000e0000000)
  object space 141824K, 23% used [0x00000000a0000000,0x00000000a2060320,0x00000000a8a80000)
 Metaspace       used 67302K, capacity 69518K, committed 69760K, reserved 1110016K
  class space    used 8805K, capacity 9298K, committed 9344K, reserved 1048576K
}
Event: 276.654 GC heap before
{Heap before GC invocations=21 (full 3):
 PSYoungGen      total 210432K, used 206457K [0x00000000e0000000, 0x00000000f0600000, 0x0000000100000000)
  eden space 191488K, 100% used [0x00000000e0000000,0x00000000ebb00000,0x00000000ebb00000)
  from space 18944K, 79% used [0x00000000ebb00000,0x00000000ec99e728,0x00000000ecd80000)
  to   space 20480K, 0% used [0x00000000ef200000,0x00000000ef200000,0x00000000f0600000)
 ParOldGen       total 141824K, used 33152K [0x00000000a0000000, 0x00000000a8a80000, 0x00000000e0000000)
  object space 141824K, 23% used [0x00000000a0000000,0x00000000a2060320,0x00000000a8a80000)
 Metaspace       used 67309K, capacity 69582K, committed 69760K, reserved 1110016K
  class space    used 8805K, capacity 9298K, committed 9344K, reserved 1048576K
Event: 276.676 GC heap after
Heap after GC invocations=21 (full 3):
 PSYoungGen      total 247296K, used 13096K [0x00000000e0000000, 0x00000000f1b00000, 0x0000000100000000)
  eden space 226816K, 0% used [0x00000000e0000000,0x00000000e0000000,0x00000000edd80000)
  from space 20480K, 63% used [0x00000000ef200000,0x00000000efeca328,0x00000000f0600000)
  to   space 20992K, 0% used [0x00000000edd80000,0x00000000edd80000,0x00000000ef200000)
 ParOldGen       total 141824K, used 33160K [0x00000000a0000000, 0x00000000a8a80000, 0x00000000e0000000)
  object space 141824K, 23% used [0x00000000a0000000,0x00000000a2062320,0x00000000a8a80000)
 Metaspace       used 67309K, capacity 69582K, committed 69760K, reserved 1110016K
  class space    used 8805K, capacity 9298K, committed 9344K, reserved 1048576K
}
Event: 446.084 GC heap before
{Heap before GC invocations=22 (full 3):
 PSYoungGen      total 247296K, used 239912K [0x00000000e0000000, 0x00000000f1b00000, 0x0000000100000000)
  eden space 226816K, 100% used [0x00000000e0000000,0x00000000edd80000,0x00000000edd80000)
  from space 20480K, 63% used [0x00000000ef200000,0x00000000efeca328,0x00000000f0600000)
  to   space 20992K, 0% used [0x00000000edd80000,0x00000000edd80000,0x00000000ef200000)
 ParOldGen       total 141824K, used 33160K [0x00000000a0000000, 0x00000000a8a80000, 0x00000000e0000000)
  object space 141824K, 23% used [0x00000000a0000000,0x00000000a2062320,0x00000000a8a80000)
 Metaspace       used 77352K, capacity 80498K, committed 80640K, reserved 1120256K
  class space    used 10045K, capacity 10672K, committed 10752K, reserved 1048576K
Event: 446.110 GC heap after
Heap after GC invocations=22 (full 3):
 PSYoungGen      total 247808K, used 19312K [0x00000000e0000000, 0x00000000f4780000, 0x0000000100000000)
  eden space 226816K, 0% used [0x00000000e0000000,0x00000000e0000000,0x00000000edd80000)
  from space 20992K, 91% used [0x00000000edd80000,0x00000000ef05c008,0x00000000ef200000)
  to   space 23552K, 0% used [0x00000000f3080000,0x00000000f3080000,0x00000000f4780000)
 ParOldGen       total 141824K, used 35707K [0x00000000a0000000, 0x00000000a8a80000, 0x00000000e0000000)
  object space 141824K, 25% used [0x00000000a0000000,0x00000000a22defc8,0x00000000a8a80000)
 Metaspace       used 77352K, capacity 80498K, committed 80640K, reserved 1120256K
  class space    used 10045K, capacity 10672K, committed 10752K, reserved 1048576K
}

